2022-07-24 08:56:05 [INFO ] c.p.r.NativeLoader:64 - ********************************
2022-07-24 08:56:05 [INFO ] c.p.r.NativeLoader:65 - Native library search paths: 
2022-07-24 08:56:05 [INFO ] c.p.r.NativeLoader:948 - C:\Users\Admin\AppData\Roaming\PVS-Studio-Java\7.19.61162
2022-07-24 08:56:05 [INFO ] c.p.r.NativeLoader:948 - .
2022-07-24 08:56:05 [INFO ] c.p.r.NativeLoader:948 - C:\Users\Admin\AppData\Roaming\PVS-Studio-Java\7.19.61162\..
2022-07-24 08:56:05 [INFO ] c.p.r.NativeLoader:948 - C:\Users\Admin\AppData\Roaming\PVS-Studio-Java\7.19.61162\..\..
2022-07-24 08:56:05 [INFO ] c.p.r.NativeLoader:948 - C:\Users\Admin\AppData\Roaming\PVS-Studio-Java\7.19.61162\..\..\build
2022-07-24 08:56:05 [INFO ] c.p.r.NativeLoader:67 - Additional path: native/win
2022-07-24 08:56:05 [INFO ] c.p.r.NativeLoader:76 - Native library found: C:\Users\Admin\AppData\Roaming\PVS-Studio-Java\7.19.61162\native\win\analysis-core.dll
2022-07-24 08:56:05 [INFO ] c.p.r.NativeLoader:77 - ********************************
2022-07-24 08:56:06 [INFO ] c.p.p.JsonEvaluator:49 - Module: PP_3_1_1
2022-07-24 08:56:06 [INFO ] c.p.p.JsonEvaluator:50 - Sources:
2022-07-24 08:56:06 [INFO ] c.p.p.JsonEvaluator:75 - D:/Programming/Java/PP_3_1_1/src/main/java
2022-07-24 08:56:06 [INFO ] c.p.p.JsonEvaluator:75 - D:/Programming/Java/PP_3_1_1/src/test/java
2022-07-24 08:56:06 [INFO ] c.p.p.JsonEvaluator:52 - Classpath:
2022-07-24 08:56:06 [INFO ] c.p.p.JsonEvaluator:75 - C:/Program Files/Java/jdk-11.0.12!/jdk.internal.vm.compiler.management
2022-07-24 08:56:06 [INFO ] c.p.p.JsonEvaluator:75 - C:/Program Files/Java/jdk-11.0.12!/java.naming
2022-07-24 08:56:06 [INFO ] c.p.p.JsonEvaluator:75 - C:/Users/Admin/.m2/repository/org/springframework/boot/spring-boot-autoconfigure/2.7.2/spring-boot-autoconfigure-2.7.2.jar
2022-07-24 08:56:06 [INFO ] c.p.p.JsonEvaluator:75 - C:/Users/Admin/.m2/repository/org/apache/logging/log4j/log4j-api/2.17.2/log4j-api-2.17.2.jar
2022-07-24 08:56:06 [INFO ] c.p.p.JsonEvaluator:75 - C:/Program Files/Java/jdk-11.0.12!/jdk.net
2022-07-24 08:56:06 [INFO ] c.p.p.JsonEvaluator:75 - C:/Users/Admin/.m2/repository/org/glassfish/jaxb/jaxb-runtime/2.3.6/jaxb-runtime-2.3.6.jar
2022-07-24 08:56:06 [INFO ] c.p.p.JsonEvaluator:75 - C:/Users/Admin/.m2/repository/org/springframework/boot/spring-boot-starter-logging/2.7.2/spring-boot-starter-logging-2.7.2.jar
2022-07-24 08:56:06 [INFO ] c.p.p.JsonEvaluator:75 - C:/Users/Admin/.m2/repository/com/fasterxml/jackson/module/jackson-module-parameter-names/2.13.3/jackson-module-parameter-names-2.13.3.jar
2022-07-24 08:56:06 [INFO ] c.p.p.JsonEvaluator:75 - C:/Program Files/Java/jdk-11.0.12!/jdk.internal.jvmstat
2022-07-24 08:56:06 [INFO ] c.p.p.JsonEvaluator:75 - C:/Program Files/Java/jdk-11.0.12!/jdk.jlink
2022-07-24 08:56:06 [INFO ] c.p.p.JsonEvaluator:75 - C:/Program Files/Java/jdk-11.0.12!/jdk.unsupported
2022-07-24 08:56:06 [INFO ] c.p.p.JsonEvaluator:75 - C:/Users/Admin/.m2/repository/org/glassfish/jaxb/txw2/2.3.6/txw2-2.3.6.jar
2022-07-24 08:56:06 [INFO ] c.p.p.JsonEvaluator:75 - C:/Program Files/Java/jdk-11.0.12!/java.transaction.xa
2022-07-24 08:56:06 [INFO ] c.p.p.JsonEvaluator:75 - C:/Program Files/Java/jdk-11.0.12!/jdk.naming.ldap
2022-07-24 08:56:06 [INFO ] c.p.p.JsonEvaluator:75 - C:/Program Files/Java/jdk-11.0.12!/jdk.jsobject
2022-07-24 08:56:06 [INFO ] c.p.p.JsonEvaluator:75 - C:/Users/Admin/.m2/repository/org/skyscreamer/jsonassert/1.5.1/jsonassert-1.5.1.jar
2022-07-24 08:56:06 [INFO ] c.p.p.JsonEvaluator:75 - C:/Program Files/Java/jdk-11.0.12!/java.rmi
2022-07-24 08:56:06 [INFO ] c.p.p.JsonEvaluator:75 - C:/Users/Admin/.m2/repository/org/hibernate/hibernate-core/5.6.10.Final/hibernate-core-5.6.10.Final.jar
2022-07-24 08:56:06 [INFO ] c.p.p.JsonEvaluator:75 - C:/Program Files/Java/jdk-11.0.12!/jdk.jfr
2022-07-24 08:56:06 [INFO ] c.p.p.JsonEvaluator:75 - C:/Users/Admin/.m2/repository/org/thymeleaf/thymeleaf/3.0.15.RELEASE/thymeleaf-3.0.15.RELEASE.jar
2022-07-24 08:56:06 [INFO ] c.p.p.JsonEvaluator:75 - C:/Users/Admin/.m2/repository/org/springframework/boot/spring-boot-starter-jdbc/2.7.2/spring-boot-starter-jdbc-2.7.2.jar
2022-07-24 08:56:06 [INFO ] c.p.p.JsonEvaluator:75 - C:/Program Files/Java/jdk-11.0.12!/java.datatransfer
2022-07-24 08:56:06 [INFO ] c.p.p.JsonEvaluator:75 - C:/Users/Admin/.m2/repository/org/springframework/spring-aspects/5.3.22/spring-aspects-5.3.22.jar
2022-07-24 08:56:06 [INFO ] c.p.p.JsonEvaluator:75 - C:/Users/Admin/.m2/repository/org/springframework/spring-jdbc/5.3.22/spring-jdbc-5.3.22.jar
2022-07-24 08:56:06 [INFO ] c.p.p.JsonEvaluator:75 - C:/Users/Admin/.m2/repository/com/sun/istack/istack-commons-runtime/3.0.12/istack-commons-runtime-3.0.12.jar
2022-07-24 08:56:06 [INFO ] c.p.p.JsonEvaluator:75 - C:/Program Files/Java/jdk-11.0.12!/jdk.rmic
2022-07-24 08:56:06 [INFO ] c.p.p.JsonEvaluator:75 - C:/Users/Admin/.m2/repository/org/springframework/spring-beans/5.3.22/spring-beans-5.3.22.jar
2022-07-24 08:56:06 [INFO ] c.p.p.JsonEvaluator:75 - C:/Users/Admin/.m2/repository/org/apache/tomcat/embed/tomcat-embed-core/9.0.65/tomcat-embed-core-9.0.65.jar
2022-07-24 08:56:06 [INFO ] c.p.p.JsonEvaluator:75 - C:/Program Files/Java/jdk-11.0.12!/jdk.management.agent
2022-07-24 08:56:06 [INFO ] c.p.p.JsonEvaluator:75 - C:/Program Files/Java/jdk-11.0.12!/java.management
2022-07-24 08:56:06 [INFO ] c.p.p.JsonEvaluator:75 - C:/Users/Admin/.m2/repository/org/slf4j/slf4j-api/1.7.36/slf4j-api-1.7.36.jar
2022-07-24 08:56:06 [INFO ] c.p.p.JsonEvaluator:75 - C:/Program Files/Java/jdk-11.0.12!/jdk.crypto.mscapi
2022-07-24 08:56:06 [INFO ] c.p.p.JsonEvaluator:75 - C:/Program Files/Java/jdk-11.0.12!/jdk.editpad
2022-07-24 08:56:06 [INFO ] c.p.p.JsonEvaluator:75 - C:/Program Files/Java/jdk-11.0.12!/jdk.internal.le
2022-07-24 08:56:06 [INFO ] c.p.p.JsonEvaluator:75 - C:/Program Files/Java/jdk-11.0.12!/jdk.internal.opt
2022-07-24 08:56:06 [INFO ] c.p.p.JsonEvaluator:75 - C:/Program Files/Java/jdk-11.0.12!/jdk.jstatd
2022-07-24 08:56:06 [INFO ] c.p.p.JsonEvaluator:75 - C:/Users/Admin/.m2/repository/org/unbescape/unbescape/1.1.6.RELEASE/unbescape-1.1.6.RELEASE.jar
2022-07-24 08:56:06 [INFO ] c.p.p.JsonEvaluator:75 - C:/Program Files/Java/jdk-11.0.12!/jdk.jcmd
2022-07-24 08:56:06 [INFO ] c.p.p.JsonEvaluator:75 - C:/Users/Admin/.m2/repository/org/mockito/mockito-junit-jupiter/4.5.1/mockito-junit-jupiter-4.5.1.jar
2022-07-24 08:56:06 [INFO ] c.p.p.JsonEvaluator:75 - C:/Users/Admin/.m2/repository/org/springframework/boot/spring-boot-starter-data-jpa/2.7.2/spring-boot-starter-data-jpa-2.7.2.jar
2022-07-24 08:56:06 [INFO ] c.p.p.JsonEvaluator:75 - C:/Users/Admin/.m2/repository/org/springframework/boot/spring-boot-starter-test/2.7.2/spring-boot-starter-test-2.7.2.jar
2022-07-24 08:56:06 [INFO ] c.p.p.JsonEvaluator:75 - C:/Program Files/Java/jdk-11.0.12!/java.prefs
2022-07-24 08:56:06 [INFO ] c.p.p.JsonEvaluator:75 - C:/Users/Admin/.m2/repository/org/jboss/logging/jboss-logging/3.4.3.Final/jboss-logging-3.4.3.Final.jar
2022-07-24 08:56:06 [INFO ] c.p.p.JsonEvaluator:75 - C:/Program Files/Java/jdk-11.0.12!/jdk.attach
2022-07-24 08:56:06 [INFO ] c.p.p.JsonEvaluator:75 - C:/Program Files/Java/jdk-11.0.12!/jdk.internal.ed
2022-07-24 08:56:06 [INFO ] c.p.p.JsonEvaluator:75 - C:/Program Files/Java/jdk-11.0.12!/jdk.xml.dom
2022-07-24 08:56:06 [INFO ] c.p.p.JsonEvaluator:75 - C:/Users/Admin/.m2/repository/org/junit/platform/junit-platform-commons/1.8.2/junit-platform-commons-1.8.2.jar
2022-07-24 08:56:06 [INFO ] c.p.p.JsonEvaluator:75 - C:/Program Files/Java/jdk-11.0.12!/jdk.jshell
2022-07-24 08:56:06 [INFO ] c.p.p.JsonEvaluator:75 - C:/Users/Admin/.m2/repository/org/springframework/boot/spring-boot-starter-tomcat/2.7.2/spring-boot-starter-tomcat-2.7.2.jar
2022-07-24 08:56:06 [INFO ] c.p.p.JsonEvaluator:75 - C:/Program Files/Java/jdk-11.0.12!/jdk.dynalink
2022-07-24 08:56:06 [INFO ] c.p.p.JsonEvaluator:75 - C:/Program Files/Java/jdk-11.0.12!/jdk.jdeps
2022-07-24 08:56:06 [INFO ] c.p.p.JsonEvaluator:75 - C:/Users/Admin/.m2/repository/org/springframework/spring-web/5.3.22/spring-web-5.3.22.jar
2022-07-24 08:56:06 [INFO ] c.p.p.JsonEvaluator:75 - C:/Program Files/Java/jdk-11.0.12!/jdk.accessibility
2022-07-24 08:56:06 [INFO ] c.p.p.JsonEvaluator:75 - C:/Users/Admin/.m2/repository/org/springframework/spring-tx/5.3.22/spring-tx-5.3.22.jar
2022-07-24 08:56:06 [INFO ] c.p.p.JsonEvaluator:75 - C:/Users/Admin/.m2/repository/org/thymeleaf/thymeleaf-spring5/3.0.15.RELEASE/thymeleaf-spring5-3.0.15.RELEASE.jar
2022-07-24 08:56:06 [INFO ] c.p.p.JsonEvaluator:75 - C:/Program Files/Java/jdk-11.0.12!/jdk.security.jgss
2022-07-24 08:56:06 [INFO ] c.p.p.JsonEvaluator:75 - C:/Users/Admin/.m2/repository/com/fasterxml/classmate/1.5.1/classmate-1.5.1.jar
2022-07-24 08:56:06 [INFO ] c.p.p.JsonEvaluator:75 - C:/Users/Admin/.m2/repository/antlr/antlr/2.7.7/antlr-2.7.7.jar
2022-07-24 08:56:06 [INFO ] c.p.p.JsonEvaluator:75 - C:/Program Files/Java/jdk-11.0.12!/java.sql
2022-07-24 08:56:06 [INFO ] c.p.p.JsonEvaluator:75 - C:/Program Files/Java/jdk-11.0.12!/jdk.naming.dns
2022-07-24 08:56:06 [INFO ] c.p.p.JsonEvaluator:75 - C:/Program Files/Java/jdk-11.0.12!/jdk.localedata
2022-07-24 08:56:06 [INFO ] c.p.p.JsonEvaluator:75 - C:/Users/Admin/.m2/repository/org/springframework/boot/spring-boot-test-autoconfigure/2.7.2/spring-boot-test-autoconfigure-2.7.2.jar
2022-07-24 08:56:06 [INFO ] c.p.p.JsonEvaluator:75 - C:/Program Files/Java/jdk-11.0.12!/java.compiler
2022-07-24 08:56:06 [INFO ] c.p.p.JsonEvaluator:75 - C:/Users/Admin/.m2/repository/org/opentest4j/opentest4j/1.2.0/opentest4j-1.2.0.jar
2022-07-24 08:56:06 [INFO ] c.p.p.JsonEvaluator:75 - C:/Program Files/Java/jdk-11.0.12!/java.desktop
2022-07-24 08:56:06 [INFO ] c.p.p.JsonEvaluator:75 - C:/Users/Admin/.m2/repository/mysql/mysql-connector-java/8.0.29/mysql-connector-java-8.0.29.jar
2022-07-24 08:56:06 [INFO ] c.p.p.JsonEvaluator:75 - C:/Users/Admin/.m2/repository/org/springframework/spring-webmvc/5.3.22/spring-webmvc-5.3.22.jar
2022-07-24 08:56:06 [INFO ] c.p.p.JsonEvaluator:75 - C:/Users/Admin/.m2/repository/org/projectlombok/lombok/1.18.24/lombok-1.18.24.jar
2022-07-24 08:56:06 [INFO ] c.p.p.JsonEvaluator:75 - C:/Program Files/Java/jdk-11.0.12!/jdk.management
2022-07-24 08:56:06 [INFO ] c.p.p.JsonEvaluator:75 - C:/Users/Admin/.m2/repository/com/vaadin/external/google/android-json/0.0.20131108.vaadin1/android-json-0.0.20131108.vaadin1.jar
2022-07-24 08:56:06 [INFO ] c.p.p.JsonEvaluator:75 - C:/Program Files/Java/jdk-11.0.12!/jdk.compiler
2022-07-24 08:56:06 [INFO ] c.p.p.JsonEvaluator:75 - C:/Users/Admin/.m2/repository/org/springframework/spring-aop/5.3.22/spring-aop-5.3.22.jar
2022-07-24 08:56:06 [INFO ] c.p.p.JsonEvaluator:75 - C:/Program Files/Java/jdk-11.0.12!/jdk.aot
2022-07-24 08:56:06 [INFO ] c.p.p.JsonEvaluator:75 - C:/Users/Admin/.m2/repository/jakarta/activation/jakarta.activation-api/1.2.2/jakarta.activation-api-1.2.2.jar
2022-07-24 08:56:06 [INFO ] c.p.p.JsonEvaluator:75 - C:/Users/Admin/.m2/repository/org/junit/platform/junit-platform-engine/1.8.2/junit-platform-engine-1.8.2.jar
2022-07-24 08:56:06 [INFO ] c.p.p.JsonEvaluator:75 - C:/Users/Admin/.m2/repository/net/bytebuddy/byte-buddy-agent/1.12.12/byte-buddy-agent-1.12.12.jar
2022-07-24 08:56:06 [INFO ] c.p.p.JsonEvaluator:75 - C:/Program Files/Java/jdk-11.0.12!/jdk.crypto.ec
2022-07-24 08:56:06 [INFO ] c.p.p.JsonEvaluator:75 - C:/Program Files/Java/jdk-11.0.12!/jdk.management.jfr
2022-07-24 08:56:06 [INFO ] c.p.p.JsonEvaluator:75 - C:/Users/Admin/.m2/repository/org/springframework/spring-orm/5.3.22/spring-orm-5.3.22.jar
2022-07-24 08:56:06 [INFO ] c.p.p.JsonEvaluator:75 - C:/Users/Admin/.m2/repository/org/apache/logging/log4j/log4j-to-slf4j/2.17.2/log4j-to-slf4j-2.17.2.jar
2022-07-24 08:56:06 [INFO ] c.p.p.JsonEvaluator:75 - C:/Users/Admin/.m2/repository/com/fasterxml/jackson/core/jackson-databind/2.13.3/jackson-databind-2.13.3.jar
2022-07-24 08:56:06 [INFO ] c.p.p.JsonEvaluator:75 - C:/Users/Admin/.m2/repository/jakarta/annotation/jakarta.annotation-api/1.3.5/jakarta.annotation-api-1.3.5.jar
2022-07-24 08:56:06 [INFO ] c.p.p.JsonEvaluator:75 - C:/Users/Admin/.m2/repository/org/springframework/spring-core/5.3.22/spring-core-5.3.22.jar
2022-07-24 08:56:06 [INFO ] c.p.p.JsonEvaluator:75 - C:/Users/Admin/.m2/repository/org/springframework/boot/spring-boot-test/2.7.2/spring-boot-test-2.7.2.jar
2022-07-24 08:56:06 [INFO ] c.p.p.JsonEvaluator:75 - C:/Users/Admin/.m2/repository/org/hamcrest/hamcrest/2.2/hamcrest-2.2.jar
2022-07-24 08:56:06 [INFO ] c.p.p.JsonEvaluator:75 - C:/Program Files/Java/jdk-11.0.12!/jdk.internal.vm.compiler
2022-07-24 08:56:06 [INFO ] c.p.p.JsonEvaluator:75 - C:/Users/Admin/.m2/repository/org/xmlunit/xmlunit-core/2.9.0/xmlunit-core-2.9.0.jar
2022-07-24 08:56:06 [INFO ] c.p.p.JsonEvaluator:75 - C:/Program Files/Java/jdk-11.0.12!/java.base
2022-07-24 08:56:06 [INFO ] c.p.p.JsonEvaluator:75 - C:/Program Files/Java/jdk-11.0.12!/java.sql.rowset
2022-07-24 08:56:06 [INFO ] c.p.p.JsonEvaluator:75 - C:/Users/Admin/.m2/repository/org/slf4j/jul-to-slf4j/1.7.36/jul-to-slf4j-1.7.36.jar
2022-07-24 08:56:06 [INFO ] c.p.p.JsonEvaluator:75 - C:/Users/Admin/.m2/repository/ch/qos/logback/logback-core/1.2.11/logback-core-1.2.11.jar
2022-07-24 08:56:06 [INFO ] c.p.p.JsonEvaluator:75 - C:/Users/Admin/.m2/repository/org/ow2/asm/asm/9.1/asm-9.1.jar
2022-07-24 08:56:06 [INFO ] c.p.p.JsonEvaluator:75 - C:/Users/Admin/.m2/repository/net/minidev/json-smart/2.4.8/json-smart-2.4.8.jar
2022-07-24 08:56:06 [INFO ] c.p.p.JsonEvaluator:75 - C:/Users/Admin/.m2/repository/jakarta/xml/bind/jakarta.xml.bind-api/2.3.3/jakarta.xml.bind-api-2.3.3.jar
2022-07-24 08:56:06 [INFO ] c.p.p.JsonEvaluator:75 - C:/Program Files/Java/jdk-11.0.12!/java.smartcardio
2022-07-24 08:56:06 [INFO ] c.p.p.JsonEvaluator:75 - C:/Program Files/Java/jdk-11.0.12!/jdk.javadoc
2022-07-24 08:56:06 [INFO ] c.p.p.JsonEvaluator:75 - C:/Users/Admin/.m2/repository/org/assertj/assertj-core/3.22.0/assertj-core-3.22.0.jar
2022-07-24 08:56:06 [INFO ] c.p.p.JsonEvaluator:75 - C:/Program Files/Java/jdk-11.0.12!/java.xml
2022-07-24 08:56:06 [INFO ] c.p.p.JsonEvaluator:75 - C:/Program Files/Java/jdk-11.0.12!/jdk.unsupported.desktop
2022-07-24 08:56:06 [INFO ] c.p.p.JsonEvaluator:75 - C:/Program Files/Java/jdk-11.0.12!/java.logging
2022-07-24 08:56:06 [INFO ] c.p.p.JsonEvaluator:75 - C:/Program Files/Java/jdk-11.0.12!/jdk.scripting.nashorn
2022-07-24 08:56:06 [INFO ] c.p.p.JsonEvaluator:75 - C:/Users/Admin/.m2/repository/com/fasterxml/jackson/core/jackson-annotations/2.13.3/jackson-annotations-2.13.3.jar
2022-07-24 08:56:06 [INFO ] c.p.p.JsonEvaluator:75 - C:/Program Files/Java/jdk-11.0.12!/jdk.security.auth
2022-07-24 08:56:06 [INFO ] c.p.p.JsonEvaluator:75 - C:/Program Files/Java/jdk-11.0.12!/java.se
2022-07-24 08:56:06 [INFO ] c.p.p.JsonEvaluator:75 - C:/Users/Admin/.m2/repository/com/fasterxml/jackson/core/jackson-core/2.13.3/jackson-core-2.13.3.jar
2022-07-24 08:56:06 [INFO ] c.p.p.JsonEvaluator:75 - C:/Program Files/Java/jdk-11.0.12!/java.xml.crypto
2022-07-24 08:56:06 [INFO ] c.p.p.JsonEvaluator:75 - C:/Program Files/Java/jdk-11.0.12!/jdk.pack
2022-07-24 08:56:06 [INFO ] c.p.p.JsonEvaluator:75 - C:/Users/Admin/.m2/repository/org/springframework/boot/spring-boot-starter-json/2.7.2/spring-boot-starter-json-2.7.2.jar
2022-07-24 08:56:06 [INFO ] c.p.p.JsonEvaluator:75 - C:/Users/Admin/.m2/repository/org/springframework/spring-context/5.3.22/spring-context-5.3.22.jar
2022-07-24 08:56:06 [INFO ] c.p.p.JsonEvaluator:75 - C:/Users/Admin/.m2/repository/net/minidev/accessors-smart/2.4.8/accessors-smart-2.4.8.jar
2022-07-24 08:56:06 [INFO ] c.p.p.JsonEvaluator:75 - C:/Users/Admin/.m2/repository/org/thymeleaf/extras/thymeleaf-extras-java8time/3.0.4.RELEASE/thymeleaf-extras-java8time-3.0.4.RELEASE.jar
2022-07-24 08:56:06 [INFO ] c.p.p.JsonEvaluator:75 - C:/Users/Admin/.m2/repository/org/springframework/data/spring-data-jpa/2.7.2/spring-data-jpa-2.7.2.jar
2022-07-24 08:56:06 [INFO ] c.p.p.JsonEvaluator:75 - C:/Program Files/Java/jdk-11.0.12!/jdk.internal.vm.ci
2022-07-24 08:56:06 [INFO ] c.p.p.JsonEvaluator:75 - C:/Program Files/Java/jdk-11.0.12!/java.scripting
2022-07-24 08:56:06 [INFO ] c.p.p.JsonEvaluator:75 - C:/Users/Admin/.m2/repository/org/jboss/jandex/2.4.2.Final/jandex-2.4.2.Final.jar
2022-07-24 08:56:06 [INFO ] c.p.p.JsonEvaluator:75 - C:/Users/Admin/.m2/repository/ch/qos/logback/logback-classic/1.2.11/logback-classic-1.2.11.jar
2022-07-24 08:56:06 [INFO ] c.p.p.JsonEvaluator:75 - C:/Users/Admin/.m2/repository/com/sun/activation/jakarta.activation/1.2.2/jakarta.activation-1.2.2.jar
2022-07-24 08:56:06 [INFO ] c.p.p.JsonEvaluator:75 - C:/Users/Admin/.m2/repository/org/springframework/spring-jcl/5.3.22/spring-jcl-5.3.22.jar
2022-07-24 08:56:06 [INFO ] c.p.p.JsonEvaluator:75 - C:/Program Files/Java/jdk-11.0.12!/jdk.crypto.cryptoki
2022-07-24 08:56:06 [INFO ] c.p.p.JsonEvaluator:75 - C:/Users/Admin/.m2/repository/jakarta/persistence/jakarta.persistence-api/2.2.3/jakarta.persistence-api-2.2.3.jar
2022-07-24 08:56:06 [INFO ] c.p.p.JsonEvaluator:75 - C:/Users/Admin/.m2/repository/com/zaxxer/HikariCP/4.0.3/HikariCP-4.0.3.jar
2022-07-24 08:56:06 [INFO ] c.p.p.JsonEvaluator:75 - C:/Program Files/Java/jdk-11.0.12!/jdk.zipfs
2022-07-24 08:56:06 [INFO ] c.p.p.JsonEvaluator:75 - C:/Users/Admin/.m2/repository/org/springframework/spring-expression/5.3.22/spring-expression-5.3.22.jar
2022-07-24 08:56:06 [INFO ] c.p.p.JsonEvaluator:75 - C:/Users/Admin/.m2/repository/org/springframework/spring-test/5.3.22/spring-test-5.3.22.jar
2022-07-24 08:56:06 [INFO ] c.p.p.JsonEvaluator:75 - C:/Program Files/Java/jdk-11.0.12!/jdk.jconsole
2022-07-24 08:56:06 [INFO ] c.p.p.JsonEvaluator:75 - C:/Users/Admin/.m2/repository/org/springframework/boot/spring-boot/2.7.2/spring-boot-2.7.2.jar
2022-07-24 08:56:06 [INFO ] c.p.p.JsonEvaluator:75 - C:/Users/Admin/.m2/repository/org/apiguardian/apiguardian-api/1.1.2/apiguardian-api-1.1.2.jar
2022-07-24 08:56:06 [INFO ] c.p.p.JsonEvaluator:75 - C:/Users/Admin/.m2/repository/org/hibernate/common/hibernate-commons-annotations/5.1.2.Final/hibernate-commons-annotations-5.1.2.Final.jar
2022-07-24 08:56:06 [INFO ] c.p.p.JsonEvaluator:75 - C:/Program Files/Java/jdk-11.0.12!/java.security.sasl
2022-07-24 08:56:06 [INFO ] c.p.p.JsonEvaluator:75 - C:/Program Files/Java/jdk-11.0.12!/java.instrument
2022-07-24 08:56:06 [INFO ] c.p.p.JsonEvaluator:75 - C:/Users/Admin/.m2/repository/com/fasterxml/jackson/datatype/jackson-datatype-jsr310/2.13.3/jackson-datatype-jsr310-2.13.3.jar
2022-07-24 08:56:06 [INFO ] c.p.p.JsonEvaluator:75 - C:/Users/Admin/.m2/repository/org/springframework/data/spring-data-commons/2.7.2/spring-data-commons-2.7.2.jar
2022-07-24 08:56:06 [INFO ] c.p.p.JsonEvaluator:75 - C:/Program Files/Java/jdk-11.0.12!/java.security.jgss
2022-07-24 08:56:06 [INFO ] c.p.p.JsonEvaluator:75 - C:/Program Files/Java/jdk-11.0.12!/jdk.naming.rmi
2022-07-24 08:56:06 [INFO ] c.p.p.JsonEvaluator:75 - C:/Program Files/Java/jdk-11.0.12!/jdk.scripting.nashorn.shell
2022-07-24 08:56:06 [INFO ] c.p.p.JsonEvaluator:75 - C:/Users/Admin/.m2/repository/org/aspectj/aspectjweaver/1.9.7/aspectjweaver-1.9.7.jar
2022-07-24 08:56:06 [INFO ] c.p.p.JsonEvaluator:75 - C:/Users/Admin/.m2/repository/org/springframework/boot/spring-boot-starter-thymeleaf/2.7.2/spring-boot-starter-thymeleaf-2.7.2.jar
2022-07-24 08:56:06 [INFO ] c.p.p.JsonEvaluator:75 - C:/Users/Admin/.m2/repository/net/bytebuddy/byte-buddy/1.12.12/byte-buddy-1.12.12.jar
2022-07-24 08:56:06 [INFO ] c.p.p.JsonEvaluator:75 - C:/Program Files/Java/jdk-11.0.12!/jdk.jdi
2022-07-24 08:56:06 [INFO ] c.p.p.JsonEvaluator:75 - C:/Users/Admin/.m2/repository/org/junit/jupiter/junit-jupiter-params/5.8.2/junit-jupiter-params-5.8.2.jar
2022-07-24 08:56:06 [INFO ] c.p.p.JsonEvaluator:75 - C:/Users/Admin/.m2/repository/org/mockito/mockito-core/4.5.1/mockito-core-4.5.1.jar
2022-07-24 08:56:06 [INFO ] c.p.p.JsonEvaluator:75 - C:/Program Files/Java/jdk-11.0.12!/jdk.jdwp.agent
2022-07-24 08:56:06 [INFO ] c.p.p.JsonEvaluator:75 - C:/Users/Admin/.m2/repository/org/junit/jupiter/junit-jupiter-engine/5.8.2/junit-jupiter-engine-5.8.2.jar
2022-07-24 08:56:06 [INFO ] c.p.p.JsonEvaluator:75 - C:/Users/Admin/.m2/repository/org/springframework/boot/spring-boot-starter/2.7.2/spring-boot-starter-2.7.2.jar
2022-07-24 08:56:06 [INFO ] c.p.p.JsonEvaluator:75 - C:/Users/Admin/.m2/repository/org/objenesis/objenesis/3.2/objenesis-3.2.jar
2022-07-24 08:56:06 [INFO ] c.p.p.JsonEvaluator:75 - C:/Users/Admin/.m2/repository/org/springframework/boot/spring-boot-starter-aop/2.7.2/spring-boot-starter-aop-2.7.2.jar
2022-07-24 08:56:06 [INFO ] c.p.p.JsonEvaluator:75 - C:/Users/Admin/.m2/repository/org/apache/tomcat/embed/tomcat-embed-websocket/9.0.65/tomcat-embed-websocket-9.0.65.jar
2022-07-24 08:56:06 [INFO ] c.p.p.JsonEvaluator:75 - C:/Users/Admin/.m2/repository/org/junit/jupiter/junit-jupiter/5.8.2/junit-jupiter-5.8.2.jar
2022-07-24 08:56:06 [INFO ] c.p.p.JsonEvaluator:75 - C:/Users/Admin/.m2/repository/org/junit/jupiter/junit-jupiter-api/5.8.2/junit-jupiter-api-5.8.2.jar
2022-07-24 08:56:06 [INFO ] c.p.p.JsonEvaluator:75 - C:/Users/Admin/.m2/repository/org/springframework/boot/spring-boot-starter-web/2.7.2/spring-boot-starter-web-2.7.2.jar
2022-07-24 08:56:06 [INFO ] c.p.p.JsonEvaluator:75 - C:/Program Files/Java/jdk-11.0.12!/jdk.jartool
2022-07-24 08:56:06 [INFO ] c.p.p.JsonEvaluator:75 - C:/Users/Admin/.m2/repository/com/fasterxml/jackson/datatype/jackson-datatype-jdk8/2.13.3/jackson-datatype-jdk8-2.13.3.jar
2022-07-24 08:56:06 [INFO ] c.p.p.JsonEvaluator:75 - C:/Program Files/Java/jdk-11.0.12!/java.management.rmi
2022-07-24 08:56:06 [INFO ] c.p.p.JsonEvaluator:75 - C:/Program Files/Java/jdk-11.0.12!/jdk.charsets
2022-07-24 08:56:06 [INFO ] c.p.p.JsonEvaluator:75 - C:/Program Files/Java/jdk-11.0.12!/jdk.hotspot.agent
2022-07-24 08:56:06 [INFO ] c.p.p.JsonEvaluator:75 - C:/Users/Admin/.m2/repository/org/yaml/snakeyaml/1.30/snakeyaml-1.30.jar
2022-07-24 08:56:06 [INFO ] c.p.p.JsonEvaluator:75 - C:/Program Files/Java/jdk-11.0.12!/jdk.sctp
2022-07-24 08:56:06 [INFO ] c.p.p.JsonEvaluator:75 - C:/Users/Admin/.m2/repository/org/apache/tomcat/embed/tomcat-embed-el/9.0.65/tomcat-embed-el-9.0.65.jar
2022-07-24 08:56:06 [INFO ] c.p.p.JsonEvaluator:75 - C:/Users/Admin/.m2/repository/com/jayway/jsonpath/json-path/2.7.0/json-path-2.7.0.jar
2022-07-24 08:56:06 [INFO ] c.p.p.JsonEvaluator:75 - C:/Program Files/Java/jdk-11.0.12!/java.net.http
2022-07-24 08:56:06 [INFO ] c.p.p.JsonEvaluator:75 - C:/Users/Admin/.m2/repository/org/attoparser/attoparser/2.0.5.RELEASE/attoparser-2.0.5.RELEASE.jar
2022-07-24 08:56:06 [INFO ] c.p.p.JsonEvaluator:75 - C:/Program Files/Java/jdk-11.0.12!/jdk.httpserver
2022-07-24 08:56:06 [INFO ] c.p.p.JsonEvaluator:75 - C:/Users/Admin/.m2/repository/jakarta/transaction/jakarta.transaction-api/1.3.3/jakarta.transaction-api-1.3.3.jar
2022-07-24 08:56:06 [INFO ] c.p.p.IncrementalLauncher:154 - Load model from cache...
2022-07-24 08:56:06 [INFO ] c.p.p.IncrementalLauncher:168 - Build model incrementally...
2022-07-24 08:56:06 [INFO ] c.p.p.IncrementalLauncher:169 - Current time: 1658634966521
2022-07-24 08:56:06 [INFO ] c.p.p.IncrementalLauncher:170 - Last build time: 1658550765121
2022-07-24 08:56:06 [INFO ] c.p.p.IncrementalLauncher:171 - Keyset size: 6
2022-07-24 08:56:06 [INFO ] c.p.p.IncrementalLauncher:172 - Input sources size: 6
2022-07-24 08:56:06 [INFO ] c.p.p.IncrementalLauncher:178 - Removed sources size: 0
2022-07-24 08:56:06 [INFO ] c.p.p.IncrementalLauncher:179 - Added sources size: 0
2022-07-24 08:56:06 [INFO ] c.p.p.IncrementalLauncher:180 - Common sources size: 6
2022-07-24 08:56:06 [INFO ] c.p.p.IncrementalLauncher:191 - Incremental sources size: 1
2022-07-24 08:56:06 [INFO ] c.p.p.IncrementalLauncher:194 - Old types size: 6
2022-07-24 08:56:06 [INFO ] c.p.p.IncrementalLauncher:205 - Changed types size: 1
2022-07-24 08:56:06 [INFO ] c.p.p.IncrementalLauncher:207 - Enter types loop
2022-07-24 08:56:06 [INFO ] c.p.p.IncrementalLauncher:229 - Exit types loop
2022-07-24 08:56:06 [INFO ] c.p.p.IncrementalLauncher:241 - Old packages size: 8
2022-07-24 08:56:06 [INFO ] c.p.p.IncrementalLauncher:250 - Data processed
2022-07-24 08:56:06 [INFO ] c.p.p.IncrementalLauncher:256 - Added: 0
2022-07-24 08:56:06 [INFO ] c.p.p.IncrementalLauncher:257 - Removed: 0
2022-07-24 08:56:06 [INFO ] c.p.p.IncrementalLauncher:258 - Modified : 4
2022-07-24 08:56:07 [INFO ] c.p.p.IncrementalLauncher:312 - Cache saving started.
2022-07-24 08:56:07 [INFO ] c.p.p.IncrementalLauncher:355 - Cache saving finished.
2022-07-24 08:56:07 [INFO ] c.p.p.Module:383 - Model build success.
